1635128946805	geckodriver	INFO	Listening on 127.0.0.1:12935
1635128949866	mozrunner::runner	INFO	Running command: "C:\\Program Files\\Mozilla Firefox\\firefox.exe" "--marionette" "-no-remote" "-profile" "C:\\Users\\ADMINI~1\\AppData\\Local\\Temp\\rust_mozprofileaWed4j"
1635128950455	Marionette	INFO	Marionette enabled
console.warn: SearchSettings: "get: No settings file exists, new profile?" (new NotFoundError("Could not open the file at C:\\Users\\Administrator\\AppData\\Local\\Temp\\rust_mozprofileaWed4j\\search.json.mozlz4", (void 0)))
1635128952485	Marionette	INFO	Listening on port 12943
1635128952582	RemoteAgent	WARN	TLS certificate errors will be ignored for this session
JavaScript warning: https://g.alicdn.com/??kissy/k/6.2.4/seed-min.js,kg/global-util/1.0.7/index-min.js,secdev/sufei_data/3.8.7/index.js, line 6: WebGL context was lost.
JavaScript warning: https://g.alicdn.com/??xlly/spl/rp.js,secdev/nsv/1.0.78/ns_e_88_3_n.js?v=1, line 5: WebGL context was lost.
JavaScript warning: https://g.alicdn.com/AWSC/et/1.62.1/et_n.js, line 1: WEBGL_debug_renderer_info is deprecated in Firefox and will be removed. Please use RENDERER.
JavaScript warning: https://g.alicdn.com/AWSC/et/1.62.1/et_n.js, line 4: WebGL context was lost.
JavaScript warning: https://g.alicdn.com/secdev/sufei_data/3.9.9/index.js, line 1: WebGL context was lost.
JavaScript warning: https://g.alicdn.com/AWSC/fireyejs/1.216.2/fireyejs.js, line 2: WEBGL_debug_renderer_info is deprecated in Firefox and will be removed. Please use RENDERER.
JavaScript warning: https://g.alicdn.com/AWSC/uab/1.140.0/collina.js, line 4: WEBGL_debug_renderer_info is deprecated in Firefox and will be removed. Please use RENDERER.
JavaScript warning: https://g.alicdn.com/secdev/sufei_data/3.9.9/index.js, line 1: WebGL context was lost.
JavaScript warning: https://g.alicdn.com/??xlly/spl/rp.js,secdev/nsv/1.0.78/ns_e_88_3_n.js?v=1, line 5: WebGL context was lost.
JavaScript warning: https://g.alicdn.com/AWSC/et/1.62.1/et_n.js, line 1: WEBGL_debug_renderer_info is deprecated in Firefox and will be removed. Please use RENDERER.
JavaScript warning: https://g.alicdn.com/AWSC/et/1.62.1/et_n.js, line 4: WebGL context was lost.
JavaScript warning: https://g.alicdn.com/AWSC/uab/1.140.0/collina.js, line 4: WEBGL_debug_renderer_info is deprecated in Firefox and will be removed. Please use RENDERER.
1635129043977	Marionette	INFO	Stopped listening on port 12943
JavaScript error: resource:///modules/Interactions.jsm, line 201: NS_ERROR_FAILURE: Component returned failure code: 0x80004005 (NS_ERROR_FAILURE) [nsIUserIdleService.removeIdleObserver]
console.warn: TopSitesFeed: Failed to fetch data from Contile server: NetworkError when attempting to fetch resource.

###!!! [Parent][MessageChannel] Error: (msgtype=0x39007A,name=PContent::Msg_DestroyBrowsingContextGroup) Closed channel: cannot send/recv


###!!! [Child][MessageChannel] Error: (msgtype=0x23002F,name=PBrowser::Msg___delete__) Channel closing: too late to send/recv, messages will be lost


###!!! [Child][RunMessage] Error: Channel closing: too late to send/recv, messages will be lost

1635129906496	geckodriver	INFO	Listening on 127.0.0.1:13595
1635129909548	mozrunner::runner	INFO	Running command: "C:\\Program Files\\Mozilla Firefox\\firefox.exe" "--marionette" "-no-remote" "-profile" "C:\\Users\\ADMINI~1\\AppData\\Local\\Temp\\rust_mozprofile7m6CTn"
1635129910281	Marionette	INFO	Marionette enabled
console.warn: SearchSettings: "get: No settings file exists, new profile?" (new NotFoundError("Could not open the file at C:\\Users\\Administrator\\AppData\\Local\\Temp\\rust_mozprofile7m6CTn\\search.json.mozlz4", (void 0)))
1635129912350	Marionette	INFO	Listening on port 13603
1635129912918	Marionette	INFO	Stopped listening on port 13603
JavaScript error: resource:///modules/Interactions.jsm, line 201: NS_ERROR_FAILURE: Component returned failure code: 0x80004005 (NS_ERROR_FAILURE) [nsIUserIdleService.removeIdleObserver]
console.error: Region.jsm: "Error fetching region" (new TypeError("NetworkError when attempting to fetch resource.", ""))
console.error: Region.jsm: "Failed to fetch region" (new Error("NO_RESULT", "resource://gre/modules/Region.jsm", 419))

###!!! [Parent][MessageChannel] Error: (msgtype=0x39007A,name=PContent::Msg_DestroyBrowsingContextGroup) Closed channel: cannot send/recv

